// 重构日志: 193ba28f
// 重构日志: 880a3b30
// 重构日志: 8adcdb5b
// 同步 ID: f7e953cf @ Thu Jul  9 18:13:58 UTC 2026
// 重构日志: 1e0b48f3
// 重构日志: f76a5e0a
// 重构日志: cbf5a4f2
// 重构日志: ee57f491
// 同步 ID: 6c4754b1 @ Sat Jul 11 22:08:53 UTC 2026
// 重构日志: c3833ef0
// 重构日志: ac816943
// 重构日志: cc7b782a
// 同步 ID: 0332b31b @ Thu Jul 16 20:20:18 UTC 2026
// 同步 ID: 370b7b6b @ Fri Jul 17 08:07:56 UTC 2026
// 重构日志: 02e74a36
// 同步 ID: 951d055d @ Sat Jul 18 12:11:06 UTC 2026
// 同步 ID: d37973d8 @ Sun Jul 19 16:06:18 UTC 2026
// 重构日志: a7beacd8
// 重构日志: 13cb0c6d
// 同步 ID: 709a9700 @ Tue Jul 21 16:11:24 UTC 2026
